Compiling the C compiler identification source file "CMakeCCompilerId.c" failed.
Compiler: C:/Users/User/OneDrive/Desktop/C++/mingw-w64/i686-8.1.0-posix-dwarf-rt_v6-rev0/mingw32/bin/gcc.exe 
Build flags: 
Id flags:  

The output was:
1
gcc.exe: error: CreateProcess: No such file or directory


Compiling the C compiler identification source file "CMakeCCompilerId.c" failed.
Compiler: C:/Users/User/OneDrive/Desktop/C++/mingw-w64/i686-8.1.0-posix-dwarf-rt_v6-rev0/mingw32/bin/gcc.exe 
Build flags: 
Id flags: -c 

The output was:
1
gcc.exe: error: CreateProcess: No such file or directory


Compiling the C compiler identification source file "CMakeCCompilerId.c" failed.
Compiler: C:/Users/User/OneDrive/Desktop/C++/mingw-w64/i686-8.1.0-posix-dwarf-rt_v6-rev0/mingw32/bin/gcc.exe 
Build flags: 
Id flags: -Aa 

The output was:
1
gcc.exe: error: CreateProcess: No such file or directory


Compiling the C compiler identification source file "CMakeCCompilerId.c" failed.
Compiler: C:/Users/User/OneDrive/Desktop/C++/mingw-w64/i686-8.1.0-posix-dwarf-rt_v6-rev0/mingw32/bin/gcc.exe 
Build flags: 
Id flags: -D__CLASSIC_C__ 

The output was:
1
gcc.exe: error: CreateProcess: No such file or directory


Compiling the C compiler identification source file "CMakeCCompilerId.c" failed.
Compiler: C:/Users/User/OneDrive/Desktop/C++/mingw-w64/i686-8.1.0-posix-dwarf-rt_v6-rev0/mingw32/bin/gcc.exe 
Build flags: 
Id flags: --target=arm-arm-none-eabi;-mcpu=cortex-m3 

The output was:
1
gcc.exe: warning: '-mcpu=' is deprecated; use '-mtune=' or '-march=' instead
gcc.exe: error: unrecognized command line option '--target=arm-arm-none-eabi'


Compiling the C compiler identification source file "CMakeCCompilerId.c" failed.
Compiler: C:/Users/User/OneDrive/Desktop/C++/mingw-w64/i686-8.1.0-posix-dwarf-rt_v6-rev0/mingw32/bin/gcc.exe 
Build flags: 
Id flags:  

The output was:
1
gcc.exe: error: CreateProcess: No such file or directory


Compiling the C compiler identification source file "CMakeCCompilerId.c" failed.
Compiler: C:/Users/User/OneDrive/Desktop/C++/mingw-w64/i686-8.1.0-posix-dwarf-rt_v6-rev0/mingw32/bin/gcc.exe 
Build flags: 
Id flags: -c 

The output was:
1
gcc.exe: error: CreateProcess: No such file or directory


Compiling the C compiler identification source file "CMakeCCompilerId.c" failed.
Compiler: C:/Users/User/OneDrive/Desktop/C++/mingw-w64/i686-8.1.0-posix-dwarf-rt_v6-rev0/mingw32/bin/gcc.exe 
Build flags: 
Id flags: -Aa 

The output was:
1
gcc.exe: error: CreateProcess: No such file or directory


Compiling the C compiler identification source file "CMakeCCompilerId.c" failed.
Compiler: C:/Users/User/OneDrive/Desktop/C++/mingw-w64/i686-8.1.0-posix-dwarf-rt_v6-rev0/mingw32/bin/gcc.exe 
Build flags: 
Id flags: -D__CLASSIC_C__ 

The output was:
1
gcc.exe: error: CreateProcess: No such file or directory


Compiling the C compiler identification source file "CMakeCCompilerId.c" failed.
Compiler: C:/Users/User/OneDrive/Desktop/C++/mingw-w64/i686-8.1.0-posix-dwarf-rt_v6-rev0/mingw32/bin/gcc.exe 
Build flags: 
Id flags: --target=arm-arm-none-eabi;-mcpu=cortex-m3 

The output was:
1
gcc.exe: warning: '-mcpu=' is deprecated; use '-mtune=' or '-march=' instead
gcc.exe: error: unrecognized command line option '--target=arm-arm-none-eabi'


Checking whether the C compiler is IAR using "" did not match "IAR .+ Compiler":
gcc.exe: fatal error: no input files
compilation terminated.
Checking whether the C compiler is IAR using "" did not match "IAR .+ Compiler":
gcc.exe: fatal error: no input files
compilation terminated.
Determining if the C compiler works failed with the following output:
Change Dir: C:/Users/User/OneDrive/Desktop/C++/19/speedom/cmake-build-debug/CMakeFiles/CMakeTmp

Run Build Command(s):C:/Users/User/OneDrive/Desktop/C++/mingw-w64/i686-8.1.0-posix-dwarf-rt_v6-rev0/mingw32/bin/mingw32-make.exe cmTC_ed6f7/fast && C:/Users/User/OneDrive/Desktop/C++/mingw-w64/i686-8.1.0-posix-dwarf-rt_v6-rev0/mingw32/bin/mingw32-make.exe  -f CMakeFiles\cmTC_ed6f7.dir\build.make CMakeFiles/cmTC_ed6f7.dir/build
mingw32-make.exe[1]: Entering directory 'C:/Users/User/OneDrive/Desktop/C++/19/speedom/cmake-build-debug/CMakeFiles/CMakeTmp'
Building C object CMakeFiles/cmTC_ed6f7.dir/testCCompiler.c.obj
C:\Users\User\OneDrive\Desktop\C++\mingw-w64\i686-8.1.0-posix-dwarf-rt_v6-rev0\mingw32\bin\gcc.exe    -o CMakeFiles\cmTC_ed6f7.dir\testCCompiler.c.obj   -c C:\Users\User\OneDrive\Desktop\C++\19\speedom\cmake-build-debug\CMakeFiles\CMakeTmp\testCCompiler.c
gcc.exe: error: CreateProcess: No such file or directory
mingw32-make.exe[1]: *** [CMakeFiles\cmTC_ed6f7.dir\build.make:85: CMakeFiles/cmTC_ed6f7.dir/testCCompiler.c.obj] Error 1
mingw32-make.exe[1]: Leaving directory 'C:/Users/User/OneDrive/Desktop/C++/19/speedom/cmake-build-debug/CMakeFiles/CMakeTmp'
mingw32-make.exe: *** [Makefile:140: cmTC_ed6f7/fast] Error 2



